# JRE version: OpenJDK Runtime Environment (8.0_152-b01) (build 1.8.0_152-release-1343-b01)
# Java VM: OpenJDK 64-Bit Server VM (25.152-b01 mixed mode windows-amd64 compressed oops)
Heap:
 PSYoungGen      total 145920K, used 125305K [0x00000000e0000000, 0x00000000ead00000, 0x0000000100000000)
  eden space 124928K, 83% used [0x00000000e0000000,0x00000000e65e2378,0x00000000e7a00000)
  from space 20992K, 99% used [0x00000000e9380000,0x00000000ea7fc210,0x00000000ea800000)
  to   space 26112K, 0% used [0x00000000e7a00000,0x00000000e7a00000,0x00000000e9380000)
 ParOldGen       total 134144K, used 32183K [0x00000000a0000000, 0x00000000a8300000, 0x00000000e0000000)
  object space 134144K, 23% used [0x00000000a0000000,0x00000000a1f6df40,0x00000000a8300000)
 Metaspace       used 91164K, capacity 95230K, committed 95488K, reserved 1132544K
  class space    used 11722K, capacity 12513K, committed 12544K, reserved 1048576K
GC Heap History (10 events):
Event: 25.519 GC heap before
{Heap before GC invocations=19 (full 3):
 PSYoungGen      total 108544K, used 92160K [0x00000000e0000000, 0x00000000e9600000, 0x0000000100000000)
  eden space 92160K, 100% used [0x00000000e0000000,0x00000000e5a00000,0x00000000e5a00000)
  from space 16384K, 0% used [0x00000000e5a00000,0x00000000e5a00000,0x00000000e6a00000)
  to   space 16896K, 0% used [0x00000000e8580000,0x00000000e8580000,0x00000000e9600000)
 ParOldGen       total 134144K, used 26969K [0x00000000a0000000, 0x00000000a8300000, 0x00000000e0000000)
  object space 134144K, 20% used [0x00000000a0000000,0x00000000a1a56598,0x00000000a8300000)
 Metaspace       used 63089K, capacity 65058K, committed 65280K, reserved 1105920K
  class space    used 8505K, capacity 8940K, committed 8960K, reserved 1048576K
Event: 25.539 GC heap after
Heap after GC invocations=19 (full 3):
 PSYoungGen      total 127488K, used 8646K [0x00000000e0000000, 0x00000000e9080000, 0x0000000100000000)
  eden space 116224K, 0% used [0x00000000e0000000,0x00000000e0000000,0x00000000e7180000)
  from space 11264K, 76% used [0x00000000e8580000,0x00000000e8df1a60,0x00000000e9080000)
  to   space 15872K, 0% used [0x00000000e7180000,0x00000000e7180000,0x00000000e8100000)
 ParOldGen       total 134144K, used 26977K [0x00000000a0000000, 0x00000000a8300000, 0x00000000e0000000)
  object space 134144K, 20% used [0x00000000a0000000,0x00000000a1a58598,0x00000000a8300000)
 Metaspace       used 63089K, capacity 65058K, committed 65280K, reserved 1105920K
  class space    used 8505K, capacity 8940K, committed 8960K, reserved 1048576K
}
Event: 29.389 GC heap before
{Heap before GC invocations=20 (full 3):
 PSYoungGen      total 127488K, used 124870K [0x00000000e0000000, 0x00000000e9080000, 0x0000000100000000)
  eden space 116224K, 100% used [0x00000000e0000000,0x00000000e7180000,0x00000000e7180000)
  from space 11264K, 76% used [0x00000000e8580000,0x00000000e8df1a60,0x00000000e9080000)
  to   space 15872K, 0% used [0x00000000e7180000,0x00000000e7180000,0x00000000e8100000)
 ParOldGen       total 134144K, used 26977K [0x00000000a0000000, 0x00000000a8300000, 0x00000000e0000000)
  object space 134144K, 20% used [0x00000000a0000000,0x00000000a1a58598,0x00000000a8300000)
 Metaspace       used 67035K, capacity 69470K, committed 69760K, reserved 1110016K
  class space    used 8991K, capacity 9501K, committed 9600K, reserved 1048576K
Event: 29.414 GC heap after
Heap after GC invocations=20 (full 3):
 PSYoungGen      total 132096K, used 13280K [0x00000000e0000000, 0x00000000ea480000, 0x0000000100000000)
  eden space 116224K, 0% used [0x00000000e0000000,0x00000000e0000000,0x00000000e7180000)
  from space 15872K, 83% used [0x00000000e7180000,0x00000000e7e78070,0x00000000e8100000)
  to   space 16896K, 0% used [0x00000000e9400000,0x00000000e9400000,0x00000000ea480000)
 ParOldGen       total 134144K, used 26985K [0x00000000a0000000, 0x00000000a8300000, 0x00000000e0000000)
  object space 134144K, 20% used [0x00000000a0000000,0x00000000a1a5a598,0x00000000a8300000)
 Metaspace       used 67035K, capacity 69470K, committed 69760K, reserved 1110016K
  class space    used 8991K, capacity 9501K, committed 9600K, reserved 1048576K
}
Event: 4058.545 GC heap before
{Heap before GC invocations=21 (full 3):
 PSYoungGen      total 132096K, used 129504K [0x00000000e0000000, 0x00000000ea480000, 0x0000000100000000)
  eden space 116224K, 100% used [0x00000000e0000000,0x00000000e7180000,0x00000000e7180000)
  from space 15872K, 83% used [0x00000000e7180000,0x00000000e7e78070,0x00000000e8100000)
  to   space 16896K, 0% used [0x00000000e9400000,0x00000000e9400000,0x00000000ea480000)
 ParOldGen       total 134144K, used 26985K [0x00000000a0000000, 0x00000000a8300000, 0x00000000e0000000)
  object space 134144K, 20% used [0x00000000a0000000,0x00000000a1a5a598,0x00000000a8300000)
 Metaspace       used 72410K, capacity 75094K, committed 75392K, reserved 1114112K
  class space    used 9459K, capacity 10033K, committed 10112K, reserved 1048576K
Event: 4058.624 GC heap after
Heap after GC invocations=21 (full 3):
 PSYoungGen      total 148480K, used 16895K [0x00000000e0000000, 0x00000000ea680000, 0x0000000100000000)
  eden space 131584K, 0% used [0x00000000e0000000,0x00000000e0000000,0x00000000e8080000)
  from space 16896K, 99% used [0x00000000e9400000,0x00000000ea47fe68,0x00000000ea480000)
  to   space 19456K, 0% used [0x00000000e8080000,0x00000000e8080000,0x00000000e9380000)
 ParOldGen       total 134144K, used 28090K [0x00000000a0000000, 0x00000000a8300000, 0x00000000e0000000)
  object space 134144K, 20% used [0x00000000a0000000,0x00000000a1b6e820,0x00000000a8300000)
 Metaspace       used 72410K, capacity 75094K, committed 75392K, reserved 1114112K
  class space    used 9459K, capacity 10033K, committed 10112K, reserved 1048576K
}
Event: 4114.296 GC heap before
{Heap before GC invocations=22 (full 3):
 PSYoungGen      total 148480K, used 148479K [0x00000000e0000000, 0x00000000ea680000, 0x0000000100000000)
  eden space 131584K, 100% used [0x00000000e0000000,0x00000000e8080000,0x00000000e8080000)
  from space 16896K, 99% used [0x00000000e9400000,0x00000000ea47fe68,0x00000000ea480000)
  to   space 19456K, 0% used [0x00000000e8080000,0x00000000e8080000,0x00000000e9380000)
 ParOldGen       total 134144K, used 28090K [0x00000000a0000000, 0x00000000a8300000, 0x00000000e0000000)
  object space 134144K, 20% used [0x00000000a0000000,0x00000000a1b6e820,0x00000000a8300000)
 Metaspace       used 74820K, capacity 77536K, committed 77696K, reserved 1116160K
  class space    used 9734K, capacity 10308K, committed 10368K, reserved 1048576K
Event: 4114.414 GC heap after
Heap after GC invocations=22 (full 3):
 PSYoungGen      total 147456K, used 19442K [0x00000000e0000000, 0x00000000ea800000, 0x0000000100000000)
  eden space 128000K, 0% used [0x00000000e0000000,0x00000000e0000000,0x00000000e7d00000)
  from space 19456K, 99% used [0x00000000e8080000,0x00000000e937c8f0,0x00000000e9380000)
  to   space 20992K, 0% used [0x00000000e9380000,0x00000000e9380000,0x00000000ea800000)
 ParOldGen       total 134144K, used 28098K [0x00000000a0000000, 0x00000000a8300000, 0x00000000e0000000)
  object space 134144K, 20% used [0x00000000a0000000,0x00000000a1b70820,0x00000000a8300000)
 Metaspace       used 74820K, capacity 77536K, committed 77696K, reserved 1116160K
  class space    used 9734K, capacity 10308K, committed 10368K, reserved 1048576K
}
Event: 4129.788 GC heap before
{Heap before GC invocations=23 (full 3):
 PSYoungGen      total 147456K, used 147442K [0x00000000e0000000, 0x00000000ea800000, 0x0000000100000000)
  eden space 128000K, 100% used [0x00000000e0000000,0x00000000e7d00000,0x00000000e7d00000)
  from space 19456K, 99% used [0x00000000e8080000,0x00000000e937c8f0,0x00000000e9380000)
  to   space 20992K, 0% used [0x00000000e9380000,0x00000000e9380000,0x00000000ea800000)
 ParOldGen       total 134144K, used 28098K [0x00000000a0000000, 0x00000000a8300000, 0x00000000e0000000)
  object space 134144K, 20% used [0x00000000a0000000,0x00000000a1b70820,0x00000000a8300000)
 Metaspace       used 82106K, capacity 84992K, committed 85248K, reserved 1124352K
  class space    used 10564K, capacity 11182K, committed 11264K, reserved 1048576K
Event: 4129.847 GC heap after
Heap after GC invocations=23 (full 3):
 PSYoungGen      total 145920K, used 20976K [0x00000000e0000000, 0x00000000ead00000, 0x0000000100000000)
  eden space 124928K, 0% used [0x00000000e0000000,0x00000000e0000000,0x00000000e7a00000)
  from space 20992K, 99% used [0x00000000e9380000,0x00000000ea7fc210,0x00000000ea800000)
  to   space 26112K, 0% used [0x00000000e7a00000,0x00000000e7a00000,0x00000000e9380000)
 ParOldGen       total 134144K, used 32183K [0x00000000a0000000, 0x00000000a8300000, 0x00000000e0000000)
  object space 134144K, 23% used [0x00000000a0000000,0x00000000a1f6df40,0x00000000a8300000)
 Metaspace       used 82106K, capacity 84992K, committed 85248K, reserved 1124352K
  class space    used 10564K, capacity 11182K, committed 11264K, reserved 1048576K
}

