# JRE version: OpenJDK Runtime Environment (8.0_152-b01) (build 1.8.0_152-release-1343-b01)
# Java VM: OpenJDK 64-Bit Server VM (25.152-b01 mixed mode windows-amd64 compressed oops)
Heap:
 PSYoungGen      total 189952K, used 92238K [0x00000000e0000000, 0x00000000ecb80000, 0x0000000100000000)
  eden space 174592K, 45% used [0x00000000e0000000,0x00000000e4e4e590,0x00000000eaa80000)
  from space 15360K, 78% used [0x00000000eba00000,0x00000000ec5c5600,0x00000000ec900000)
  to   space 15872K, 0% used [0x00000000eaa80000,0x00000000eaa80000,0x00000000eba00000)
 ParOldGen       total 131584K, used 34387K [0x00000000a0000000, 0x00000000a8080000, 0x00000000e0000000)
  object space 131584K, 26% used [0x00000000a0000000,0x00000000a2194d48,0x00000000a8080000)
 Metaspace       used 69275K, capacity 72153K, committed 72344K, reserved 1112064K
  class space    used 9289K, capacity 9838K, committed 9896K, reserved 1048576K
GC Heap History (10 events):
Event: 17.432 GC heap before
{Heap before GC invocations=11 (full 2):
 PSYoungGen      total 121856K, used 9466K [0x00000000e0000000, 0x00000000eaf00000, 0x0000000100000000)
  eden space 111104K, 0% used [0x00000000e0000000,0x00000000e0000000,0x00000000e6c80000)
  from space 10752K, 88% used [0x00000000e6c80000,0x00000000e75bea78,0x00000000e7700000)
  to   space 11776K, 0% used [0x00000000ea380000,0x00000000ea380000,0x00000000eaf00000)
 ParOldGen       total 54784K, used 7705K [0x00000000a0000000, 0x00000000a3580000, 0x00000000e0000000)
  object space 54784K, 14% used [0x00000000a0000000,0x00000000a0786520,0x00000000a3580000)
 Metaspace       used 34814K, capacity 35456K, committed 35496K, reserved 1079296K
  class space    used 4805K, capacity 4999K, committed 5032K, reserved 1048576K
Event: 17.631 GC heap after
Heap after GC invocations=11 (full 2):
 PSYoungGen      total 121856K, used 0K [0x00000000e0000000, 0x00000000eaf00000, 0x0000000100000000)
  eden space 111104K, 0% used [0x00000000e0000000,0x00000000e0000000,0x00000000e6c80000)
  from space 10752K, 0% used [0x00000000e6c80000,0x00000000e6c80000,0x00000000e7700000)
  to   space 11776K, 0% used [0x00000000ea380000,0x00000000ea380000,0x00000000eaf00000)
 ParOldGen       total 84480K, used 16359K [0x00000000a0000000, 0x00000000a5280000, 0x00000000e0000000)
  object space 84480K, 19% used [0x00000000a0000000,0x00000000a0ff9cf0,0x00000000a5280000)
 Metaspace       used 34808K, capacity 35438K, committed 35496K, reserved 1079296K
  class space    used 4803K, capacity 4996K, committed 5032K, reserved 1048576K
}
Event: 25.112 GC heap before
{Heap before GC invocations=12 (full 2):
 PSYoungGen      total 121856K, used 111104K [0x00000000e0000000, 0x00000000eaf00000, 0x0000000100000000)
  eden space 111104K, 100% used [0x00000000e0000000,0x00000000e6c80000,0x00000000e6c80000)
  from space 10752K, 0% used [0x00000000e6c80000,0x00000000e6c80000,0x00000000e7700000)
  to   space 11776K, 0% used [0x00000000ea380000,0x00000000ea380000,0x00000000eaf00000)
 ParOldGen       total 84480K, used 16359K [0x00000000a0000000, 0x00000000a5280000, 0x00000000e0000000)
  object space 84480K, 19% used [0x00000000a0000000,0x00000000a0ff9cf0,0x00000000a5280000)
 Metaspace       used 45264K, capacity 46320K, committed 46632K, reserved 1089536K
  class space    used 6107K, capacity 6381K, committed 6440K, reserved 1048576K
Event: 25.136 GC heap after
Heap after GC invocations=12 (full 2):
 PSYoungGen      total 152576K, used 11760K [0x00000000e0000000, 0x00000000eaf00000, 0x0000000100000000)
  eden space 140800K, 0% used [0x00000000e0000000,0x00000000e0000000,0x00000000e8980000)
  from space 11776K, 99% used [0x00000000ea380000,0x00000000eaefc138,0x00000000eaf00000)
  to   space 13824K, 0% used [0x00000000e9400000,0x00000000e9400000,0x00000000ea180000)
 ParOldGen       total 84480K, used 19125K [0x00000000a0000000, 0x00000000a5280000, 0x00000000e0000000)
  object space 84480K, 22% used [0x00000000a0000000,0x00000000a12ad568,0x00000000a5280000)
 Metaspace       used 45264K, capacity 46320K, committed 46632K, reserved 1089536K
  class space    used 6107K, capacity 6381K, committed 6440K, reserved 1048576K
}
Event: 32.060 GC heap before
{Heap before GC invocations=13 (full 2):
 PSYoungGen      total 152576K, used 147248K [0x00000000e0000000, 0x00000000eaf00000, 0x0000000100000000)
  eden space 140800K, 96% used [0x00000000e0000000,0x00000000e8450048,0x00000000e8980000)
  from space 11776K, 99% used [0x00000000ea380000,0x00000000eaefc138,0x00000000eaf00000)
  to   space 13824K, 0% used [0x00000000e9400000,0x00000000e9400000,0x00000000ea180000)
 ParOldGen       total 84480K, used 19125K [0x00000000a0000000, 0x00000000a5280000, 0x00000000e0000000)
  object space 84480K, 22% used [0x00000000a0000000,0x00000000a12ad568,0x00000000a5280000)
 Metaspace       used 57490K, capacity 59071K, committed 59160K, reserved 1099776K
  class space    used 7753K, capacity 8143K, committed 8232K, reserved 1048576K
Event: 32.099 GC heap after
Heap after GC invocations=13 (full 2):
 PSYoungGen      total 165376K, used 13746K [0x00000000e0000000, 0x00000000ec900000, 0x0000000100000000)
  eden space 151552K, 0% used [0x00000000e0000000,0x00000000e0000000,0x00000000e9400000)
  from space 13824K, 99% used [0x00000000e9400000,0x00000000ea16ca68,0x00000000ea180000)
  to   space 15360K, 0% used [0x00000000eba00000,0x00000000eba00000,0x00000000ec900000)
 ParOldGen       total 84480K, used 26373K [0x00000000a0000000, 0x00000000a5280000, 0x00000000e0000000)
  object space 84480K, 31% used [0x00000000a0000000,0x00000000a19c1600,0x00000000a5280000)
 Metaspace       used 57490K, capacity 59071K, committed 59160K, reserved 1099776K
  class space    used 7753K, capacity 8143K, committed 8232K, reserved 1048576K
}
Event: 32.099 GC heap before
{Heap before GC invocations=14 (full 3):
 PSYoungGen      total 165376K, used 13746K [0x00000000e0000000, 0x00000000ec900000, 0x0000000100000000)
  eden space 151552K, 0% used [0x00000000e0000000,0x00000000e0000000,0x00000000e9400000)
  from space 13824K, 99% used [0x00000000e9400000,0x00000000ea16ca68,0x00000000ea180000)
  to   space 15360K, 0% used [0x00000000eba00000,0x00000000eba00000,0x00000000ec900000)
 ParOldGen       total 84480K, used 26373K [0x00000000a0000000, 0x00000000a5280000, 0x00000000e0000000)
  object space 84480K, 31% used [0x00000000a0000000,0x00000000a19c1600,0x00000000a5280000)
 Metaspace       used 57490K, capacity 59071K, committed 59160K, reserved 1099776K
  class space    used 7753K, capacity 8143K, committed 8232K, reserved 1048576K
Event: 32.637 GC heap after
Heap after GC invocations=14 (full 3):
 PSYoungGen      total 165376K, used 0K [0x00000000e0000000, 0x00000000ec900000, 0x0000000100000000)
  eden space 151552K, 0% used [0x00000000e0000000,0x00000000e0000000,0x00000000e9400000)
  from space 13824K, 0% used [0x00000000e9400000,0x00000000e9400000,0x00000000ea180000)
  to   space 15360K, 0% used [0x00000000eba00000,0x00000000eba00000,0x00000000ec900000)
 ParOldGen       total 131584K, used 34379K [0x00000000a0000000, 0x00000000a8080000, 0x00000000e0000000)
  object space 131584K, 26% used [0x00000000a0000000,0x00000000a2192d48,0x00000000a8080000)
 Metaspace       used 57490K, capacity 59071K, committed 59160K, reserved 1099776K
  class space    used 7753K, capacity 8143K, committed 8232K, reserved 1048576K
}
Event: 44.809 GC heap before
{Heap before GC invocations=15 (full 3):
 PSYoungGen      total 165376K, used 151552K [0x00000000e0000000, 0x00000000ec900000, 0x0000000100000000)
  eden space 151552K, 100% used [0x00000000e0000000,0x00000000e9400000,0x00000000e9400000)
  from space 13824K, 0% used [0x00000000e9400000,0x00000000e9400000,0x00000000ea180000)
  to   space 15360K, 0% used [0x00000000eba00000,0x00000000eba00000,0x00000000ec900000)
 ParOldGen       total 131584K, used 34379K [0x00000000a0000000, 0x00000000a8080000, 0x00000000e0000000)
  object space 131584K, 26% used [0x00000000a0000000,0x00000000a2192d48,0x00000000a8080000)
 Metaspace       used 61930K, capacity 64011K, committed 64152K, reserved 1103872K
  class space    used 8360K, capacity 8825K, committed 8872K, reserved 1048576K
Event: 44.834 GC heap after
Heap after GC invocations=15 (full 3):
 PSYoungGen      total 189952K, used 12053K [0x00000000e0000000, 0x00000000ecb80000, 0x0000000100000000)
  eden space 174592K, 0% used [0x00000000e0000000,0x00000000e0000000,0x00000000eaa80000)
  from space 15360K, 78% used [0x00000000eba00000,0x00000000ec5c5600,0x00000000ec900000)
  to   space 15872K, 0% used [0x00000000eaa80000,0x00000000eaa80000,0x00000000eba00000)
 ParOldGen       total 131584K, used 34387K [0x00000000a0000000, 0x00000000a8080000, 0x00000000e0000000)
  object space 131584K, 26% used [0x00000000a0000000,0x00000000a2194d48,0x00000000a8080000)
 Metaspace       used 61930K, capacity 64011K, committed 64152K, reserved 1103872K
  class space    used 8360K, capacity 8825K, committed 8872K, reserved 1048576K
}

